[13:22:54] MuteMyMind (uuid: 0abff557-ef30-3bf1-8a14-89536c38982d): эх, нубик
[13:23:00] Scratch1337 (uuid: c9e66f5a-b9fc-373d-a892-6365f5fa4181): чекай
[13:23:02] Scratch1337 (uuid: c9e66f5a-b9fc-373d-a892-6365f5fa4181): с перового раза
[13:23:23] Scratch1337 (uuid: c9e66f5a-b9fc-373d-a892-6365f5fa4181): ща
[13:23:38] Scratch1337 (uuid: c9e66f5a-b9fc-373d-a892-6365f5fa4181): сук
[13:24:08] Scratch1337 (uuid: c9e66f5a-b9fc-373d-a892-6365f5fa4181): ))))
[13:24:09] MuteMyMind (uuid: 0abff557-ef30-3bf1-8a14-89536c38982d): гыгыгы
[13:24:12] Scratch1337 (uuid: c9e66f5a-b9fc-373d-a892-6365f5fa4181): тролленг
[13:24:16] MuteMyMind (uuid: 0abff557-ef30-3bf1-8a14-89536c38982d): там спецом нужно с краю прыгнуть прям
[13:24:41] MuteMyMind (uuid: 0abff557-ef30-3bf1-8a14-89536c38982d): гыгыгы
[13:25:10] MuteMyMind (uuid: 0abff557-ef30-3bf1-8a14-89536c38982d): можно просто будет последний блок на 1 выше сделать и все долетят
[13:25:18] MuteMyMind (uuid: 0abff557-ef30-3bf1-8a14-89536c38982d): но я угарнул именно что в конце засада
[13:25:43] Scratch1337 (uuid: c9e66f5a-b9fc-373d-a892-6365f5fa4181): о
[13:25:48] Scratch1337 (uuid: c9e66f5a-b9fc-373d-a892-6365f5fa4181): можно на этот еще
[13:25:51] MuteMyMind (uuid: 0abff557-ef30-3bf1-8a14-89536c38982d): агась
[13:27:49] Scratch1337 (uuid: c9e66f5a-b9fc-373d-a892-6365f5fa4181): бляу
[13:28:58] Scratch1337 (uuid: c9e66f5a-b9fc-373d-a892-6365f5fa4181): нормес
[13:29:16] MuteMyMind (uuid: 0abff557-ef30-3bf1-8a14-89536c38982d): ага
[13:29:24] MuteMyMind (uuid: 0abff557-ef30-3bf1-8a14-89536c38982d): .вфн
[13:30:04] Scratch1337 (uuid: c9e66f5a-b9fc-373d-a892-6365f5fa4181): изи катка
[13:30:55] Scratch1337 (uuid: c9e66f5a-b9fc-373d-a892-6365f5fa4181): ну эту надпись передалть енмного
[13:31:04] Scratch1337 (uuid: c9e66f5a-b9fc-373d-a892-6365f5fa4181): ну эт в конце
[13:31:09] MuteMyMind (uuid: 0abff557-ef30-3bf1-8a14-89536c38982d): агась
[13:31:12] Scratch1337 (uuid: c9e66f5a-b9fc-373d-a892-6365f5fa4181): когда уже будем все выставлять холо
[13:31:24] MuteMyMind (uuid: 0abff557-ef30-3bf1-8a14-89536c38982d): прикинь как у них бомбить будет если они упадут где то между островов
[13:31:27] Scratch1337 (uuid: c9e66f5a-b9fc-373d-a892-6365f5fa4181): ага
[13:32:19] Scratch1337 (uuid: c9e66f5a-b9fc-373d-a892-6365f5fa4181): хуя алмаз
[13:32:26] Scratch1337 (uuid: c9e66f5a-b9fc-373d-a892-6365f5fa4181): еще алмаз
[13:32:34] Scratch1337 (uuid: c9e66f5a-b9fc-373d-a892-6365f5fa4181): еще алмаз
[13:32:47] MuteMyMind (uuid: 0abff557-ef30-3bf1-8a14-89536c38982d): стоит 1 процент)
[13:32:51] Scratch1337 (uuid: c9e66f5a-b9fc-373d-a892-6365f5fa4181): надо 0.1 похожу
[13:32:59] MuteMyMind (uuid: 0abff557-ef30-3bf1-8a14-89536c38982d): нужно уменьшать шахта большая потмоу что
[13:33:11] MuteMyMind (uuid: 0abff557-ef30-3bf1-8a14-89536c38982d): в той ыло алзама 4 на всю шахту
[13:33:46] Scratch1337 (uuid: c9e66f5a-b9fc-373d-a892-6365f5fa4181): надо еще сверху чтобы уголь кидался
[13:33:50] Scratch1337 (uuid: c9e66f5a-b9fc-373d-a892-6365f5fa4181): а то не понятно, что шахта
[13:34:04] MuteMyMind (uuid: 0abff557-ef30-3bf1-8a14-89536c38982d): ну это типо закрывашка что бы не видно было что внутри
[13:34:11] MuteMyMind (uuid: 0abff557-ef30-3bf1-8a14-89536c38982d): не знаю можно ли двумя блоками закрывать
[13:34:34] Scratch1337 (uuid: c9e66f5a-b9fc-373d-a892-6365f5fa4181): думаю можно
[13:35:46] Scratch1337 (uuid: c9e66f5a-b9fc-373d-a892-6365f5fa4181): сука почему везде написано Выйграл
[13:35:49] Scratch1337 (uuid: c9e66f5a-b9fc-373d-a892-6365f5fa4181): меня от этого тригерит
[13:36:03] MuteMyMind (uuid: 0abff557-ef30-3bf1-8a14-89536c38982d): я его не переводил)
[13:36:07] Scratch1337 (uuid: c9e66f5a-b9fc-373d-a892-6365f5fa4181): он уже такой был
[13:36:08] Scratch1337 (uuid: c9e66f5a-b9fc-373d-a892-6365f5fa4181): прекол в этом
[13:37:35] Scratch1337 (uuid: c9e66f5a-b9fc-373d-a892-6365f5fa4181): ээ
[13:37:36] Scratch1337 (uuid: c9e66f5a-b9fc-373d-a892-6365f5fa4181): там незя
[13:37:42] MuteMyMind (uuid: 0abff557-ef30-3bf1-8a14-89536c38982d): да я тестирую
[13:38:28] MuteMyMind (uuid: 0abff557-ef30-3bf1-8a14-89536c38982d): ох гореть у игроков будет с этого паркура, вроде изи длинный
[13:39:19] Scratch1337 (uuid: c9e66f5a-b9fc-373d-a892-6365f5fa4181): чекай
[13:39:19] Scratch1337 (uuid: c9e66f5a-b9fc-373d-a892-6365f5fa4181): читы
[13:39:28] Scratch1337 (uuid: c9e66f5a-b9fc-373d-a892-6365f5fa4181): я поднялся сюда без флая
[13:39:51] Scratch1337 (uuid: c9e66f5a-b9fc-373d-a892-6365f5fa4181): я поднялся сюда без флая
[13:40:12] MuteMyMind (uuid: 0abff557-ef30-3bf1-8a14-89536c38982d): f 'n z pyf.
[13:40:16] MuteMyMind (uuid: 0abff557-ef30-3bf1-8a14-89536c38982d): эт я знаю
[13:40:24] MuteMyMind (uuid: 0abff557-ef30-3bf1-8a14-89536c38982d): думал спецом оставить
[13:40:31] Scratch1337 (uuid: c9e66f5a-b9fc-373d-a892-6365f5fa4181): тупа весь паркур с зажатым пробелом проходится :D
[13:40:44] MuteMyMind (uuid: 0abff557-ef30-3bf1-8a14-89536c38982d): ну да, но ты видел как школьники прыгают
[13:40:46] Scratch1337 (uuid: c9e66f5a-b9fc-373d-a892-6365f5fa4181): :D
[13:40:48] MuteMyMind (uuid: 0abff557-ef30-3bf1-8a14-89536c38982d): нам изи
[13:40:52] MuteMyMind (uuid: 0abff557-ef30-3bf1-8a14-89536c38982d): они охуеют
[13:41:36] Scratch1337 (uuid: c9e66f5a-b9fc-373d-a892-6365f5fa4181): §e
[13:41:37] Scratch1337 (uuid: c9e66f5a-b9fc-373d-a892-6365f5fa4181): §eg
[13:41:43] Scratch1337 (uuid: c9e66f5a-b9fc-373d-a892-6365f5fa4181): §c4 §5g
[13:41:51] Scratch1337 (uuid: c9e66f5a-b9fc-373d-a892-6365f5fa4181): §c4 §d2 §5g
[13:42:30] Scratch1337 (uuid: c9e66f5a-b9fc-373d-a892-6365f5fa4181): чо с шахтой
[13:42:59] MuteMyMind (uuid: 0abff557-ef30-3bf1-8a14-89536c38982d): это ты спамишь)
[13:43:02] Scratch1337 (uuid: c9e66f5a-b9fc-373d-a892-6365f5fa4181): сук((((
[13:43:05] Scratch1337 (uuid: c9e66f5a-b9fc-373d-a892-6365f5fa4181): сидишь в консоли там?
[13:43:06] Scratch1337 (uuid: c9e66f5a-b9fc-373d-a892-6365f5fa4181): говнюк
[13:43:18] MuteMyMind (uuid: 0abff557-ef30-3bf1-8a14-89536c38982d): нет, ты перед этим цвета искал сидел)
[13:43:22] Scratch1337 (uuid: c9e66f5a-b9fc-373d-a892-6365f5fa4181): азпвхапзхва
[13:43:23] MuteMyMind (uuid: 0abff557-ef30-3bf1-8a14-89536c38982d): даже консоль не нужна
[13:43:29] Scratch1337 (uuid: c9e66f5a-b9fc-373d-a892-6365f5fa4181): думал ты не заметишь
[13:44:08] MuteMyMind (uuid: 0abff557-ef30-3bf1-8a14-89536c38982d): я вот думаю мож убрать тролилин на первом острове
[13:44:12] MuteMyMind (uuid: 0abff557-ef30-3bf1-8a14-89536c38982d): *троллинг
[13:44:52] MuteMyMind (uuid: 0abff557-ef30-3bf1-8a14-89536c38982d): кстати с зажатым пробелом не проходится паркур
