[05:36:15] MuteMyMind (uuid: 0abff557-ef30-3bf1-8a14-89536c38982d): yg
[05:46:57] MuteMyMind (uuid: 0abff557-ef30-3bf1-8a14-89536c38982d): g
[05:48:34] MuteMyMind (uuid: 0abff557-ef30-3bf1-8a14-89536c38982d): gfg
[06:04:24] MuteMyMind (uuid: 0abff557-ef30-3bf1-8a14-89536c38982d): day
[06:04:33] MuteMyMind (uuid: 0abff557-ef30-3bf1-8a14-89536c38982d): gfg
[06:05:45] MuteMyMind (uuid: 0abff557-ef30-3bf1-8a14-89536c38982d): gfg
[06:05:52] MuteMyMind (uuid: 0abff557-ef30-3bf1-8a14-89536c38982d): gfg
[06:06:00] MuteMyMind (uuid: 0abff557-ef30-3bf1-8a14-89536c38982d): tyfg
[06:06:26] cgcmayflower (uuid: 3175fb9b-67f1-397b-bbfd-226d2925a870): gf
[06:07:18] MuteMyMind (uuid: 0abff557-ef30-3bf1-8a14-89536c38982d): gf
[06:11:30] MuteMyMind (uuid: 0abff557-ef30-3bf1-8a14-89536c38982d): ggff
[06:17:27] MuteMyMind (uuid: 0abff557-ef30-3bf1-8a14-89536c38982d): gfg
[06:19:09] MuteMyMind (uuid: 0abff557-ef30-3bf1-8a14-89536c38982d): tgfdg
[06:19:50] cgcmayflower (uuid: 3175fb9b-67f1-397b-bbfd-226d2925a870): gfg
[06:22:49] MuteMyMind (uuid: 0abff557-ef30-3bf1-8a14-89536c38982d):  жопа
[06:26:12] MuteMyMind (uuid: 0abff557-ef30-3bf1-8a14-89536c38982d): gf
[06:36:58] MuteMyMind (uuid: 0abff557-ef30-3bf1-8a14-89536c38982d): gfg
[06:51:05] MuteMyMind (uuid: 0abff557-ef30-3bf1-8a14-89536c38982d): gf
[06:52:10] MuteMyMind (uuid: 0abff557-ef30-3bf1-8a14-89536c38982d): gf
[06:57:59] MuteMyMind (uuid: 0abff557-ef30-3bf1-8a14-89536c38982d): gf
[07:23:30] cgcmayflower (uuid: 3175fb9b-67f1-397b-bbfd-226d2925a870): hg
[07:23:34] MuteMyMind (uuid: 0abff557-ef30-3bf1-8a14-89536c38982d): hgf
[07:30:42] MuteMyMind (uuid: 0abff557-ef30-3bf1-8a14-89536c38982d): hg
