[18:13:26] Scratch1337 (uuid: c9e66f5a-b9fc-373d-a892-6365f5fa4181): kaef
[18:20:56] MuteMyMind (uuid: 0abff557-ef30-3bf1-8a14-89536c38982d): trtr
[18:37:11] Scratch1337 (uuid: c9e66f5a-b9fc-373d-a892-6365f5fa4181): п
[18:37:20] Scratch1337 (uuid: c9e66f5a-b9fc-373d-a892-6365f5fa4181): ывп
[18:38:13] Scratch1337 (uuid: c9e66f5a-b9fc-373d-a892-6365f5fa4181): g
[18:39:08] Scratch1337 (uuid: c9e66f5a-b9fc-373d-a892-6365f5fa4181): §ofsdgf
[18:39:15] Scratch1337 (uuid: c9e66f5a-b9fc-373d-a892-6365f5fa4181): §k
[18:39:16] Scratch1337 (uuid: c9e66f5a-b9fc-373d-a892-6365f5fa4181): §kgdf
[18:39:25] Scratch1337 (uuid: c9e66f5a-b9fc-373d-a892-6365f5fa4181): §kgdfdhl;fjhjkldafjkl
[18:39:32] Scratch1337 (uuid: c9e66f5a-b9fc-373d-a892-6365f5fa4181): §msidlghsdfg
[18:40:52] Scratch1337 (uuid: c9e66f5a-b9fc-373d-a892-6365f5fa4181): §aА§bн§cд§dр§eе§fй §6л§7о§9х
[18:41:43] Scratch1337 (uuid: c9e66f5a-b9fc-373d-a892-6365f5fa4181): gdf
[18:44:09] Scratch1337 (uuid: c9e66f5a-b9fc-373d-a892-6365f5fa4181): g
[18:53:18] Scratch1337 (uuid: c9e66f5a-b9fc-373d-a892-6365f5fa4181): ./money pay Scratch1337 3
[18:53:58] Scratch1337 (uuid: c9e66f5a-b9fc-373d-a892-6365f5fa4181): ./money pay Scratch1337 3
[19:17:46] Scratch1337 (uuid: c9e66f5a-b9fc-373d-a892-6365f5fa4181): gs
[19:20:25] Scratch1337 (uuid: c9e66f5a-b9fc-373d-a892-6365f5fa4181): g
[19:20:36] Scratch1337 (uuid: c9e66f5a-b9fc-373d-a892-6365f5fa4181): gf
[19:31:24] Scratch1337 (uuid: c9e66f5a-b9fc-373d-a892-6365f5fa4181): g
[19:33:29] Scratch1337 (uuid: c9e66f5a-b9fc-373d-a892-6365f5fa4181): g
[20:09:17] Scratch1337 (uuid: c9e66f5a-b9fc-373d-a892-6365f5fa4181): g
[20:09:18] Scratch1337 (uuid: c9e66f5a-b9fc-373d-a892-6365f5fa4181): g
[20:09:47] Scratch1337 (uuid: c9e66f5a-b9fc-373d-a892-6365f5fa4181): g
[20:09:50] Scratch1337 (uuid: c9e66f5a-b9fc-373d-a892-6365f5fa4181): g
[20:09:52] Scratch1337 (uuid: c9e66f5a-b9fc-373d-a892-6365f5fa4181): gb
[20:15:00] Scratch1337 (uuid: c9e66f5a-b9fc-373d-a892-6365f5fa4181): g
[20:21:39] Scratch1337 (uuid: c9e66f5a-b9fc-373d-a892-6365f5fa4181): hello
[20:21:43] Scratch1337 (uuid: c9e66f5a-b9fc-373d-a892-6365f5fa4181): g
[20:21:45] Scratch1337 (uuid: c9e66f5a-b9fc-373d-a892-6365f5fa4181): sdgdfg
[20:32:35] Scratch1337 (uuid: c9e66f5a-b9fc-373d-a892-6365f5fa4181): g
[20:33:34] Scratch1337 (uuid: c9e66f5a-b9fc-373d-a892-6365f5fa4181): g
[20:37:25] Scratch1337 (uuid: c9e66f5a-b9fc-373d-a892-6365f5fa4181): g
[20:40:51] Scratch1337 (uuid: c9e66f5a-b9fc-373d-a892-6365f5fa4181): g
[20:40:57] Scratch1337 (uuid: c9e66f5a-b9fc-373d-a892-6365f5fa4181): gsdf
[20:59:27] Scratch1337 (uuid: c9e66f5a-b9fc-373d-a892-6365f5fa4181): hdss
[21:18:51] Scratch1337 (uuid: c9e66f5a-b9fc-373d-a892-6365f5fa4181): g
[21:18:53] Scratch1337 (uuid: c9e66f5a-b9fc-373d-a892-6365f5fa4181): sdg
