[13:36:51] Scratch1337 (uuid: c9e66f5a-b9fc-373d-a892-6365f5fa4181): g
[13:37:04] Scratch1337 (uuid: c9e66f5a-b9fc-373d-a892-6365f5fa4181): !f
[13:38:53] Scratch1337 (uuid: c9e66f5a-b9fc-373d-a892-6365f5fa4181): v
[13:38:56] Scratch1337 (uuid: c9e66f5a-b9fc-373d-a892-6365f5fa4181): sdg
[13:39:05] Scratch1337 (uuid: c9e66f5a-b9fc-373d-a892-6365f5fa4181): gsdf
[13:39:07] Scratch1337 (uuid: c9e66f5a-b9fc-373d-a892-6365f5fa4181): fgdsx
[13:40:00] Scratch1337 (uuid: c9e66f5a-b9fc-373d-a892-6365f5fa4181): gsd
[13:40:02] Scratch1337 (uuid: c9e66f5a-b9fc-373d-a892-6365f5fa4181): gd
[13:40:15] Scratch1337 (uuid: c9e66f5a-b9fc-373d-a892-6365f5fa4181): fgsd
[13:40:17] Scratch1337 (uuid: c9e66f5a-b9fc-373d-a892-6365f5fa4181): fgsdgdf
[13:40:21] Scratch1337 (uuid: c9e66f5a-b9fc-373d-a892-6365f5fa4181): g
[13:40:24] Scratch1337 (uuid: c9e66f5a-b9fc-373d-a892-6365f5fa4181): g
[15:32:57] Scratch1337 (uuid: c9e66f5a-b9fc-373d-a892-6365f5fa4181): g
[15:33:02] Scratch1337 (uuid: c9e66f5a-b9fc-373d-a892-6365f5fa4181): Привет всепм
[15:45:02] Scratch1337 (uuid: c9e66f5a-b9fc-373d-a892-6365f5fa4181): fg
[15:45:07] Scratch1337 (uuid: c9e66f5a-b9fc-373d-a892-6365f5fa4181): g
[15:45:31] Scratch1337 (uuid: c9e66f5a-b9fc-373d-a892-6365f5fa4181): g\
[15:45:49] Scratch1337 (uuid: c9e66f5a-b9fc-373d-a892-6365f5fa4181): fh
[15:46:17] Scratch1337 (uuid: c9e66f5a-b9fc-373d-a892-6365f5fa4181): g
[15:55:13] AccountTest01 (uuid: 1db61b24-07a2-3ee4-98d8-24b8ba7d7c9b): п
[16:27:03] Scratch1337 (uuid: c9e66f5a-b9fc-373d-a892-6365f5fa4181): п
[16:27:05] AccountTest01 (uuid: 1db61b24-07a2-3ee4-98d8-24b8ba7d7c9b): п
[16:45:47] Scratch1337 (uuid: c9e66f5a-b9fc-373d-a892-6365f5fa4181): gdf
[16:46:01] Scratch1337 (uuid: c9e66f5a-b9fc-373d-a892-6365f5fa4181): g
[16:47:20] cgcmayflower (uuid: 3175fb9b-67f1-397b-bbfd-226d2925a870): fgdfgf
[16:47:29] cgcmayflower (uuid: 3175fb9b-67f1-397b-bbfd-226d2925a870): fgdfg
[16:51:11] cgcmayflower (uuid: 3175fb9b-67f1-397b-bbfd-226d2925a870): fgf
[16:59:34] Scratch1337 (uuid: c9e66f5a-b9fc-373d-a892-6365f5fa4181): gsdg
[17:12:15] Scratch1337 (uuid: c9e66f5a-b9fc-373d-a892-6365f5fa4181): ./prize
[17:14:48] cgcmayflower (uuid: 3175fb9b-67f1-397b-bbfd-226d2925a870): fsdf
[17:15:55] Scratch1337 (uuid: c9e66f5a-b9fc-373d-a892-6365f5fa4181): ./profile
[17:16:25] cgcmayflower (uuid: 3175fb9b-67f1-397b-bbfd-226d2925a870): 54
[17:16:33] Scratch1337 (uuid: c9e66f5a-b9fc-373d-a892-6365f5fa4181): 10000
[17:41:47] cgcmayflower (uuid: 3175fb9b-67f1-397b-bbfd-226d2925a870): сам лох
[18:35:41] cgcmayflower (uuid: 3175fb9b-67f1-397b-bbfd-226d2925a870): .вфн
[18:38:59] Scratch1337 (uuid: c9e66f5a-b9fc-373d-a892-6365f5fa4181): п
[18:39:13] cgcmayflower (uuid: 3175fb9b-67f1-397b-bbfd-226d2925a870): тп ко мне
[19:08:57] cgcmayflower (uuid: 3175fb9b-67f1-397b-bbfd-226d2925a870): fd'
[19:37:38] Scratch1337 (uuid: c9e66f5a-b9fc-373d-a892-6365f5fa4181): gdf
[19:38:23] Scratch1337 (uuid: c9e66f5a-b9fc-373d-a892-6365f5fa4181): g
[19:38:24] Scratch1337 (uuid: c9e66f5a-b9fc-373d-a892-6365f5fa4181): fg
[20:48:06] Scratch1337 (uuid: c9e66f5a-b9fc-373d-a892-6365f5fa4181): g
[20:48:11] Scratch1337 (uuid: c9e66f5a-b9fc-373d-a892-6365f5fa4181): g
[20:48:17] Scratch1337 (uuid: c9e66f5a-b9fc-373d-a892-6365f5fa4181): g
[20:48:30] Scratch1337 (uuid: c9e66f5a-b9fc-373d-a892-6365f5fa4181): g
[22:14:38] cgcmayflower (uuid: 3175fb9b-67f1-397b-bbfd-226d2925a870): thg
[22:26:21] cgcmayflower (uuid: 3175fb9b-67f1-397b-bbfd-226d2925a870): ./hex
[22:28:32] AccountTest01 (uuid: 1db61b24-07a2-3ee4-98d8-24b8ba7d7c9b): g
[22:35:22] AccountTest01 (uuid: 1db61b24-07a2-3ee4-98d8-24b8ba7d7c9b): ./l
[22:35:26] AccountTest01 (uuid: 1db61b24-07a2-3ee4-98d8-24b8ba7d7c9b): ./login
[22:48:15] AccountTest01 (uuid: 1db61b24-07a2-3ee4-98d8-24b8ba7d7c9b): g
[22:48:18] AccountTest01 (uuid: 1db61b24-07a2-3ee4-98d8-24b8ba7d7c9b): sgd
[22:48:37] AccountTest01 (uuid: 1db61b24-07a2-3ee4-98d8-24b8ba7d7c9b): Андрей лох
[22:52:24] cgcmayflower (uuid: 3175fb9b-67f1-397b-bbfd-226d2925a870): fgd
[22:53:22] AccountTest01 (uuid: 1db61b24-07a2-3ee4-98d8-24b8ba7d7c9b): g
