[03:49:25] MuteMyMind (uuid: 0abff557-ef30-3bf1-8a14-89536c38982d): fdf
[15:39:15] Scratch1337 (uuid: c9e66f5a-b9fc-373d-a892-6365f5fa4181): g
[15:46:02] Scratch1337 (uuid: c9e66f5a-b9fc-373d-a892-6365f5fa4181): g
[16:03:39] Scratch1337 (uuid: c9e66f5a-b9fc-373d-a892-6365f5fa4181): g
[16:09:26] Scratch1337 (uuid: c9e66f5a-b9fc-373d-a892-6365f5fa4181): z
[16:19:50] Scratch1337 (uuid: c9e66f5a-b9fc-373d-a892-6365f5fa4181): gdf
[16:42:32] Scratch1337 (uuid: c9e66f5a-b9fc-373d-a892-6365f5fa4181): ./sit
[16:42:49] MuteMyMind (uuid: 0abff557-ef30-3bf1-8a14-89536c38982d): fgd
[16:43:21] MuteMyMind (uuid: 0abff557-ef30-3bf1-8a14-89536c38982d): fg
[16:43:31] MuteMyMind (uuid: 0abff557-ef30-3bf1-8a14-89536c38982d): cvgd
[16:43:53] Scratch1337 (uuid: c9e66f5a-b9fc-373d-a892-6365f5fa4181): ./pex user MuteMyMind group add root
[16:44:05] Scratch1337 (uuid: c9e66f5a-b9fc-373d-a892-6365f5fa4181): ./pex user Scratch1337 preffix
[16:44:22] MuteMyMind (uuid: 0abff557-ef30-3bf1-8a14-89536c38982d): fgdfg
[16:45:03] MuteMyMind (uuid: 0abff557-ef30-3bf1-8a14-89536c38982d): dfgd
[16:46:12] MuteMyMind (uuid: 0abff557-ef30-3bf1-8a14-89536c38982d): fgd
[16:46:32] MuteMyMind (uuid: 0abff557-ef30-3bf1-8a14-89536c38982d): drg
[16:46:52] MuteMyMind (uuid: 0abff557-ef30-3bf1-8a14-89536c38982d): fg
[16:47:06] MuteMyMind (uuid: 0abff557-ef30-3bf1-8a14-89536c38982d): dfgd
[16:47:18] MuteMyMind (uuid: 0abff557-ef30-3bf1-8a14-89536c38982d): fgd
[16:47:22] MuteMyMind (uuid: 0abff557-ef30-3bf1-8a14-89536c38982d): gh
[16:47:48] MuteMyMind (uuid: 0abff557-ef30-3bf1-8a14-89536c38982d): gdf
[16:48:57] Scratch1337 (uuid: c9e66f5a-b9fc-373d-a892-6365f5fa4181): .//tree
[16:49:52] Scratch1337 (uuid: c9e66f5a-b9fc-373d-a892-6365f5fa4181): g
[16:49:53] Scratch1337 (uuid: c9e66f5a-b9fc-373d-a892-6365f5fa4181): g
[16:49:56] MuteMyMind (uuid: 0abff557-ef30-3bf1-8a14-89536c38982d): rdfg
[16:50:01] MuteMyMind (uuid: 0abff557-ef30-3bf1-8a14-89536c38982d): rhfg
[16:50:23] Scratch1337 (uuid: c9e66f5a-b9fc-373d-a892-6365f5fa4181): g
[16:50:25] MuteMyMind (uuid: 0abff557-ef30-3bf1-8a14-89536c38982d): gfdf
[17:01:33] MuteMyMind (uuid: 0abff557-ef30-3bf1-8a14-89536c38982d): аппэ
[17:03:01] MuteMyMind (uuid: 0abff557-ef30-3bf1-8a14-89536c38982d): вапва
[17:09:46] Scratch1337 (uuid: c9e66f5a-b9fc-373d-a892-6365f5fa4181): §7[§1Зевс§7] §f
[17:24:46] Scratch1337 (uuid: c9e66f5a-b9fc-373d-a892-6365f5fa4181): gdf
[17:24:47] Scratch1337 (uuid: c9e66f5a-b9fc-373d-a892-6365f5fa4181): gd
[17:24:56] MuteMyMind (uuid: 0abff557-ef30-3bf1-8a14-89536c38982d): gfgd
[17:26:46] AccountTest01 (uuid: 1db61b24-07a2-3ee4-98d8-24b8ba7d7c9b): g
[17:26:47] AccountTest01 (uuid: 1db61b24-07a2-3ee4-98d8-24b8ba7d7c9b): gsd
[17:27:15] AccountTest01 (uuid: 1db61b24-07a2-3ee4-98d8-24b8ba7d7c9b): g
[17:27:25] AccountTest01 (uuid: 1db61b24-07a2-3ee4-98d8-24b8ba7d7c9b): gdf
[17:27:26] AccountTest01 (uuid: 1db61b24-07a2-3ee4-98d8-24b8ba7d7c9b): g
[17:27:32] AccountTest01 (uuid: 1db61b24-07a2-3ee4-98d8-24b8ba7d7c9b): g
[17:27:59] AccountTest01 (uuid: 1db61b24-07a2-3ee4-98d8-24b8ba7d7c9b): ./pex reload
[17:28:03] AccountTest01 (uuid: 1db61b24-07a2-3ee4-98d8-24b8ba7d7c9b): g
[17:28:07] AccountTest01 (uuid: 1db61b24-07a2-3ee4-98d8-24b8ba7d7c9b): ./pex accounttest01
[17:28:10] AccountTest01 (uuid: 1db61b24-07a2-3ee4-98d8-24b8ba7d7c9b): ./pex user accounttest01
[17:28:37] AccountTest01 (uuid: 1db61b24-07a2-3ee4-98d8-24b8ba7d7c9b): g
[17:29:01] AccountTest01 (uuid: 1db61b24-07a2-3ee4-98d8-24b8ba7d7c9b): g
[17:29:06] AccountTest01 (uuid: 1db61b24-07a2-3ee4-98d8-24b8ba7d7c9b): g
[17:29:08] AccountTest01 (uuid: 1db61b24-07a2-3ee4-98d8-24b8ba7d7c9b): g
[17:31:59] AccountTest01 (uuid: 1db61b24-07a2-3ee4-98d8-24b8ba7d7c9b): gf
[17:32:11] AccountTest01 (uuid: 1db61b24-07a2-3ee4-98d8-24b8ba7d7c9b): g
[17:32:17] AccountTest01 (uuid: 1db61b24-07a2-3ee4-98d8-24b8ba7d7c9b): dfg
[17:32:28] AccountTest01 (uuid: 1db61b24-07a2-3ee4-98d8-24b8ba7d7c9b): g
[17:32:33] AccountTest01 (uuid: 1db61b24-07a2-3ee4-98d8-24b8ba7d7c9b): g
[17:32:48] AccountTest01 (uuid: 1db61b24-07a2-3ee4-98d8-24b8ba7d7c9b): g
[17:32:53] AccountTest01 (uuid: 1db61b24-07a2-3ee4-98d8-24b8ba7d7c9b): g
[17:37:07] AccountTest01 (uuid: 1db61b24-07a2-3ee4-98d8-24b8ba7d7c9b): g
[17:39:30] AccountTest01 (uuid: 1db61b24-07a2-3ee4-98d8-24b8ba7d7c9b): g
[17:39:58] AccountTest01 (uuid: 1db61b24-07a2-3ee4-98d8-24b8ba7d7c9b): g
[17:40:07] AccountTest01 (uuid: 1db61b24-07a2-3ee4-98d8-24b8ba7d7c9b): g
[17:40:15] AccountTest01 (uuid: 1db61b24-07a2-3ee4-98d8-24b8ba7d7c9b): g
[17:40:23] AccountTest01 (uuid: 1db61b24-07a2-3ee4-98d8-24b8ba7d7c9b): g
[17:40:32] AccountTest01 (uuid: 1db61b24-07a2-3ee4-98d8-24b8ba7d7c9b): g
[17:40:38] AccountTest01 (uuid: 1db61b24-07a2-3ee4-98d8-24b8ba7d7c9b): gdf
[17:42:09] MuteMyMind (uuid: 0abff557-ef30-3bf1-8a14-89536c38982d): dfg
[17:42:25] AccountTest01 (uuid: 1db61b24-07a2-3ee4-98d8-24b8ba7d7c9b): g
[17:43:38] AccountTest01 (uuid: 1db61b24-07a2-3ee4-98d8-24b8ba7d7c9b): g
[17:44:27] AccountTest01 (uuid: 1db61b24-07a2-3ee4-98d8-24b8ba7d7c9b): g
[17:47:34] AccountTest01 (uuid: 1db61b24-07a2-3ee4-98d8-24b8ba7d7c9b): gdf
[18:02:12] AccountTest01 (uuid: 1db61b24-07a2-3ee4-98d8-24b8ba7d7c9b): gsdfg
[18:02:27] AccountTest01 (uuid: 1db61b24-07a2-3ee4-98d8-24b8ba7d7c9b): g
[18:13:57] MuteMyMind (uuid: 0abff557-ef30-3bf1-8a14-89536c38982d): хай
[18:14:01] Alex_ololo (uuid: 7ccba458-b090-309c-a53e-46b779f81301): qq)
[18:14:07] MuteMyMind (uuid: 0abff557-ef30-3bf1-8a14-89536c38982d): не выходи пока что
[18:14:12] Alex_ololo (uuid: 7ccba458-b090-309c-a53e-46b779f81301): ок)
[18:19:16] AccountTest01 (uuid: 1db61b24-07a2-3ee4-98d8-24b8ba7d7c9b): не открывается?
[18:19:21] Alex_ololo (uuid: 7ccba458-b090-309c-a53e-46b779f81301): открывается
[18:19:34] Alex_ololo (uuid: 7ccba458-b090-309c-a53e-46b779f81301): ключей 0(
[18:19:36] Alex_ololo (uuid: 7ccba458-b090-309c-a53e-46b779f81301): )*
[18:19:52] AccountTest01 (uuid: 1db61b24-07a2-3ee4-98d8-24b8ba7d7c9b): ща
[18:20:15] AccountTest01 (uuid: 1db61b24-07a2-3ee4-98d8-24b8ba7d7c9b): все
[18:20:24] AccountTest01 (uuid: 1db61b24-07a2-3ee4-98d8-24b8ba7d7c9b): ))
[18:21:09] Alex_ololo (uuid: 7ccba458-b090-309c-a53e-46b779f81301): мне их бесконечно открывать дальше?)
[18:21:19] AccountTest01 (uuid: 1db61b24-07a2-3ee4-98d8-24b8ba7d7c9b): не)
[18:21:25] AccountTest01 (uuid: 1db61b24-07a2-3ee4-98d8-24b8ba7d7c9b): тебе лучшая выпала кста
[18:21:27] AccountTest01 (uuid: 1db61b24-07a2-3ee4-98d8-24b8ba7d7c9b): привелегия
[18:21:34] Alex_ololo (uuid: 7ccba458-b090-309c-a53e-46b779f81301): топ)
[18:21:45] Alex_ololo (uuid: 7ccba458-b090-309c-a53e-46b779f81301): а права настроены у привилегии?)
[18:21:53] AccountTest01 (uuid: 1db61b24-07a2-3ee4-98d8-24b8ba7d7c9b): еще нет
[18:22:45] AccountTest01 (uuid: 1db61b24-07a2-3ee4-98d8-24b8ba7d7c9b): осталось права настроить
[18:22:46] MuteMyMind (uuid: 0abff557-ef30-3bf1-8a14-89536c38982d): не могу вас палочки выдать
[18:22:48] AccountTest01 (uuid: 1db61b24-07a2-3ee4-98d8-24b8ba7d7c9b): и еще по мелочи
[18:22:49] AccountTest01 (uuid: 1db61b24-07a2-3ee4-98d8-24b8ba7d7c9b): и все
[18:22:54] MuteMyMind (uuid: 0abff557-ef30-3bf1-8a14-89536c38982d): права на них еще не сделали
[18:23:39] AccountTest01 (uuid: 1db61b24-07a2-3ee4-98d8-24b8ba7d7c9b): g
[18:26:35] AccountTest01 (uuid: 1db61b24-07a2-3ee4-98d8-24b8ba7d7c9b): g
[18:26:49] AccountTest01 (uuid: 1db61b24-07a2-3ee4-98d8-24b8ba7d7c9b): g
[18:27:12] AccountTest01 (uuid: 1db61b24-07a2-3ee4-98d8-24b8ba7d7c9b): reload
