[10:21:23] Alex_ololo (uuid: 7ccba458-b090-309c-a53e-46b779f81301): о, версия 1.15 работает)
[10:21:28] Scratch1337 (uuid: c9e66f5a-b9fc-373d-a892-6365f5fa4181): Да, супер)
[10:21:47] Scratch1337 (uuid: c9e66f5a-b9fc-373d-a892-6365f5fa4181): Стоп
[10:21:53] Scratch1337 (uuid: c9e66f5a-b9fc-373d-a892-6365f5fa4181): у тебя как-то скобка потерялась
[10:21:54] Scratch1337 (uuid: c9e66f5a-b9fc-373d-a892-6365f5fa4181): в нике
[10:22:00] Scratch1337 (uuid: c9e66f5a-b9fc-373d-a892-6365f5fa4181): ну сверху
[10:22:01] Alex_ololo (uuid: 7ccba458-b090-309c-a53e-46b779f81301): ага
[10:22:08] Scratch1337 (uuid: c9e66f5a-b9fc-373d-a892-6365f5fa4181): щас пофиксим
[10:22:35] Scratch1337 (uuid: c9e66f5a-b9fc-373d-a892-6365f5fa4181): Я просто одновременно ролик монтирую еще
[10:22:46] Scratch1337 (uuid: c9e66f5a-b9fc-373d-a892-6365f5fa4181): напиши /money
[10:23:00] Alex_ololo (uuid: 7ccba458-b090-309c-a53e-46b779f81301): робит) 0 коинов)
[10:23:06] Scratch1337 (uuid: c9e66f5a-b9fc-373d-a892-6365f5fa4181): норм выглядит?
[10:23:16] Alex_ololo (uuid: 7ccba458-b090-309c-a53e-46b779f81301): да)
[10:24:14] Scratch1337 (uuid: c9e66f5a-b9fc-373d-a892-6365f5fa4181): мы сборку с нуля делали сами
[10:24:17] Scratch1337 (uuid: c9e66f5a-b9fc-373d-a892-6365f5fa4181): и все настраивали тут
[10:24:19] Scratch1337 (uuid: c9e66f5a-b9fc-373d-a892-6365f5fa4181): гемор пипец
[10:24:51] Alex_ololo (uuid: 7ccba458-b090-309c-a53e-46b779f81301): Это да, ну лучше самим сделать, чем брать готовую)
[10:24:51] Scratch1337 (uuid: c9e66f5a-b9fc-373d-a892-6365f5fa4181): Ща
[10:24:54] Scratch1337 (uuid: c9e66f5a-b9fc-373d-a892-6365f5fa4181): кое-что проверю
[10:25:03] Scratch1337 (uuid: c9e66f5a-b9fc-373d-a892-6365f5fa4181): перезайди
[10:25:26] Scratch1337 (uuid: c9e66f5a-b9fc-373d-a892-6365f5fa4181): тэк
[10:25:59] Scratch1337 (uuid: c9e66f5a-b9fc-373d-a892-6365f5fa4181): Не влезает
[10:26:37] Alex_ololo (uuid: 7ccba458-b090-309c-a53e-46b779f81301): а если прост скобки убрать у Всемогущего?
[10:26:43] Alex_ololo (uuid: 7ccba458-b090-309c-a53e-46b779f81301): именно в табе
[10:26:44] Scratch1337 (uuid: c9e66f5a-b9fc-373d-a892-6365f5fa4181): ща
[10:27:18] Scratch1337 (uuid: c9e66f5a-b9fc-373d-a892-6365f5fa4181): перезайди
[10:27:38] Scratch1337 (uuid: c9e66f5a-b9fc-373d-a892-6365f5fa4181): Так
[10:27:43] Scratch1337 (uuid: c9e66f5a-b9fc-373d-a892-6365f5fa4181): видимо ограничение на кол-во символов
[10:28:39] Scratch1337 (uuid: c9e66f5a-b9fc-373d-a892-6365f5fa4181): так
[10:28:57] Scratch1337 (uuid: c9e66f5a-b9fc-373d-a892-6365f5fa4181): g
[10:29:32] Scratch1337 (uuid: c9e66f5a-b9fc-373d-a892-6365f5fa4181): Я понял
[10:29:37] Scratch1337 (uuid: c9e66f5a-b9fc-373d-a892-6365f5fa4181): Да, 16 символов
[10:30:09] Scratch1337 (uuid: c9e66f5a-b9fc-373d-a892-6365f5fa4181): Там
[10:30:14] Scratch1337 (uuid: c9e66f5a-b9fc-373d-a892-6365f5fa4181): сделаю короче теги
[10:30:20] Scratch1337 (uuid: c9e66f5a-b9fc-373d-a892-6365f5fa4181): Все
[10:30:21] Alex_ololo (uuid: 7ccba458-b090-309c-a53e-46b779f81301): +
[10:30:21] Scratch1337 (uuid: c9e66f5a-b9fc-373d-a892-6365f5fa4181): права дал
[10:30:31] Scratch1337 (uuid: c9e66f5a-b9fc-373d-a892-6365f5fa4181): Я монтировать пошел
[10:30:33] Scratch1337 (uuid: c9e66f5a-b9fc-373d-a892-6365f5fa4181): ща
[10:30:36] Scratch1337 (uuid: c9e66f5a-b9fc-373d-a892-6365f5fa4181): тебе скину плагины
[10:30:43] Scratch1337 (uuid: c9e66f5a-b9fc-373d-a892-6365f5fa4181): а
[10:30:45] Scratch1337 (uuid: c9e66f5a-b9fc-373d-a892-6365f5fa4181): напиши /pl
[10:30:54] Alex_ololo (uuid: 7ccba458-b090-309c-a53e-46b779f81301): ага
[10:30:56] Alex_ololo (uuid: 7ccba458-b090-309c-a53e-46b779f81301): вижу
[10:30:57] Scratch1337 (uuid: c9e66f5a-b9fc-373d-a892-6365f5fa4181): плагины которые Via на них права не нужны
[10:31:12] Alex_ololo (uuid: 7ccba458-b090-309c-a53e-46b779f81301): ок
[10:39:37] Alex_ololo (uuid: 7ccba458-b090-309c-a53e-46b779f81301): щас зайду ещё с 1 акка чтобы был как игрок и мог тестить команды)
[10:39:42] Scratch1337 (uuid: c9e66f5a-b9fc-373d-a892-6365f5fa4181): ok
[10:41:18] Scratch1337 (uuid: c9e66f5a-b9fc-373d-a892-6365f5fa4181): Я сервак перезагружу щас
[10:41:19] Scratch1337 (uuid: c9e66f5a-b9fc-373d-a892-6365f5fa4181): кое что сделал
[10:41:26] Alex_ololo (uuid: 7ccba458-b090-309c-a53e-46b779f81301): ok
[10:52:34] Alex_ololo (uuid: 7ccba458-b090-309c-a53e-46b779f81301): команду help мб пока у игроков убрать?
[10:52:48] Scratch1337 (uuid: c9e66f5a-b9fc-373d-a892-6365f5fa4181): нет
[10:52:58] Scratch1337 (uuid: c9e66f5a-b9fc-373d-a892-6365f5fa4181): Я ее настрою скоро
[10:53:09] Scratch1337 (uuid: c9e66f5a-b9fc-373d-a892-6365f5fa4181): там будут команды доступные показывать
[10:53:28] Alex_ololo (uuid: 7ccba458-b090-309c-a53e-46b779f81301): ok
[10:54:44] AlexOlolo_02 (uuid: 81ed959b-84be-34d4-aaaf-a6808a3f3def): можешь команду на выдачу кейсов кинуть в вк?
[10:59:02] MuteMyMind (uuid: 0abff557-ef30-3bf1-8a14-89536c38982d): всем привет я новенький
[10:59:10] Alex_ololo (uuid: 7ccba458-b090-309c-a53e-46b779f81301): qq)
[11:05:10] Alex_ololo (uuid: 7ccba458-b090-309c-a53e-46b779f81301): Лол, акк кикает за спам командами .-.
[11:05:18] Scratch1337 (uuid: c9e66f5a-b9fc-373d-a892-6365f5fa4181): пофиксим
[11:05:37] Scratch1337 (uuid: c9e66f5a-b9fc-373d-a892-6365f5fa4181): ролик домонтирую - сделаю
[11:10:43] MuteMyMind (uuid: 0abff557-ef30-3bf1-8a14-89536c38982d): щас с киком че нить поделаю
[11:10:53] MuteMyMind (uuid: 0abff557-ef30-3bf1-8a14-89536c38982d): ох какой у меня толстый шрифт
[11:11:05] Alex_ololo (uuid: 7ccba458-b090-309c-a53e-46b779f81301): ыы)
[11:12:21] Scratch1337 (uuid: c9e66f5a-b9fc-373d-a892-6365f5fa4181): MuteMyMind напиши что нибудь в чат
[11:12:37] MuteMyMind (uuid: 0abff557-ef30-3bf1-8a14-89536c38982d): приветик, мальчики, я новенькая
[11:12:41] Scratch1337 (uuid: c9e66f5a-b9fc-373d-a892-6365f5fa4181): тэк
[11:14:50] MuteMyMind (uuid: 0abff557-ef30-3bf1-8a14-89536c38982d): чек
[11:14:52] MuteMyMind (uuid: 0abff557-ef30-3bf1-8a14-89536c38982d): во
[11:14:54] MuteMyMind (uuid: 0abff557-ef30-3bf1-8a14-89536c38982d): норм
[11:16:33] Alex_ololo (uuid: 7ccba458-b090-309c-a53e-46b779f81301): Cмена скина игрокам нужна?) Или донатерам лучше оставить команду?
[11:16:46] Scratch1337 (uuid: c9e66f5a-b9fc-373d-a892-6365f5fa4181): Донатерам
[11:18:14] Scratch1337 (uuid: c9e66f5a-b9fc-373d-a892-6365f5fa4181): Надо будет между /rtp сделать кулдаун
[11:20:18] Scratch1337 (uuid: c9e66f5a-b9fc-373d-a892-6365f5fa4181): g
[11:24:22] AlexOlolo_02 (uuid: 81ed959b-84be-34d4-aaaf-a6808a3f3def): 1
[11:29:00] AlexOlolo_02 (uuid: 81ed959b-84be-34d4-aaaf-a6808a3f3def): прям от мага можно всем спокойно вписать права на скины?
[11:30:01] Scratch1337 (uuid: c9e66f5a-b9fc-373d-a892-6365f5fa4181): думаю да
[11:30:09] Alex_ololo (uuid: 7ccba458-b090-309c-a53e-46b779f81301): ok)
[11:30:25] Scratch1337 (uuid: c9e66f5a-b9fc-373d-a892-6365f5fa4181): Алекс
[11:30:32] Alex_ololo (uuid: 7ccba458-b090-309c-a53e-46b779f81301): ?
[11:30:36] Scratch1337 (uuid: c9e66f5a-b9fc-373d-a892-6365f5fa4181): сможешь еще inheritance
[11:30:39] Scratch1337 (uuid: c9e66f5a-b9fc-373d-a892-6365f5fa4181): настроить для групп
[11:30:43] Scratch1337 (uuid: c9e66f5a-b9fc-373d-a892-6365f5fa4181): (наследование прав)
[11:30:52] Scratch1337 (uuid: c9e66f5a-b9fc-373d-a892-6365f5fa4181): чтобы у Мага были возможно default
[11:31:00] Scratch1337 (uuid: c9e66f5a-b9fc-373d-a892-6365f5fa4181): у демона возможности всех кто ниже
[11:31:01] Scratch1337 (uuid: c9e66f5a-b9fc-373d-a892-6365f5fa4181): и т.д.
[11:31:15] Scratch1337 (uuid: c9e66f5a-b9fc-373d-a892-6365f5fa4181): в /pex group все по очереди привилегии показывает
[11:33:40] Alex_ololo (uuid: 7ccba458-b090-309c-a53e-46b779f81301): я правиль понимаю что команда на наследование прав это /pex group <group> parents set <parents> [world] ?
[11:34:40] Scratch1337 (uuid: c9e66f5a-b9fc-373d-a892-6365f5fa4181): ща проверю
[11:35:37] Scratch1337 (uuid: c9e66f5a-b9fc-373d-a892-6365f5fa4181): короче смотри
[11:36:07] Scratch1337 (uuid: c9e66f5a-b9fc-373d-a892-6365f5fa4181): - /pex group <кому добавить> parent ADD <какую добавить>
[11:36:14] Scratch1337 (uuid: c9e66f5a-b9fc-373d-a892-6365f5fa4181): именно ADD используй
[11:36:28] AlexOlolo_02 (uuid: 81ed959b-84be-34d4-aaaf-a6808a3f3def): ok
[11:40:54] Scratch1337 (uuid: c9e66f5a-b9fc-373d-a892-6365f5fa4181): Alex_ololo
[11:48:36] Scratch1337 (uuid: c9e66f5a-b9fc-373d-a892-6365f5fa4181): за команды не кикает?
[11:48:59] AlexOlolo_02 (uuid: 81ed959b-84be-34d4-aaaf-a6808a3f3def): ! нет)
[11:49:18] Alex_ololo (uuid: 7ccba458-b090-309c-a53e-46b779f81301): нет)
[11:49:22] Scratch1337 (uuid: c9e66f5a-b9fc-373d-a892-6365f5fa4181): супер
[11:49:56] Scratch1337 (uuid: c9e66f5a-b9fc-373d-a892-6365f5fa4181): п
[11:49:56] Scratch1337 (uuid: c9e66f5a-b9fc-373d-a892-6365f5fa4181): п
[11:50:12] MuteMyMind (uuid: 0abff557-ef30-3bf1-8a14-89536c38982d): кикает если сообщений 10 написать мгновенно
[11:50:20] MuteMyMind (uuid: 0abff557-ef30-3bf1-8a14-89536c38982d): а так вроде норм
[11:54:07] Alex_ololo (uuid: 7ccba458-b090-309c-a53e-46b779f81301): модеру тоже вписать группы выше?)
[11:55:20] Scratch1337 (uuid: c9e66f5a-b9fc-373d-a892-6365f5fa4181): Да
[11:55:23] Scratch1337 (uuid: c9e66f5a-b9fc-373d-a892-6365f5fa4181): модеру тоже
[11:56:35] Alex_ololo (uuid: 7ccba458-b090-309c-a53e-46b779f81301): готово))
[11:58:49] MuteMyMind (uuid: 0abff557-ef30-3bf1-8a14-89536c38982d): как я понял плагин ситизенс не умеет делать магазы
[12:00:47] AlexOlolo_02 (uuid: 81ed959b-84be-34d4-aaaf-a6808a3f3def): меню игрокам надо же?)
[12:01:50] MuteMyMind (uuid: 0abff557-ef30-3bf1-8a14-89536c38982d): у нас оно есть уже на компасе, только не настроенно
[12:02:13] Alex_ololo (uuid: 7ccba458-b090-309c-a53e-46b779f81301): это понял, просто игроки открывать то не могут его)
[12:02:58] MuteMyMind (uuid: 0abff557-ef30-3bf1-8a14-89536c38982d): ye yey;yj xnj ,s dct jnrhsdfkb)
[12:03:05] MuteMyMind (uuid: 0abff557-ef30-3bf1-8a14-89536c38982d): ну нужно всем оно, да
[12:54:45] MuteMyMind (uuid: 0abff557-ef30-3bf1-8a14-89536c38982d): я щас ебнусь
[12:54:46] Scratch1337 (uuid: c9e66f5a-b9fc-373d-a892-6365f5fa4181): [ez
[12:54:47] Scratch1337 (uuid: c9e66f5a-b9fc-373d-a892-6365f5fa4181): хуя
[12:54:48] Scratch1337 (uuid: c9e66f5a-b9fc-373d-a892-6365f5fa4181): нормас
[12:54:48] MuteMyMind (uuid: 0abff557-ef30-3bf1-8a14-89536c38982d): ваще запутался че как
[12:55:01] MuteMyMind (uuid: 0abff557-ef30-3bf1-8a14-89536c38982d): пол часа не могу сделать его редактируемым
[12:55:06] MuteMyMind (uuid: 0abff557-ef30-3bf1-8a14-89536c38982d): что яб туда товары закинул
[12:55:27] MuteMyMind (uuid: 0abff557-ef30-3bf1-8a14-89536c38982d): говорят его ебнуть нужно
[12:55:33] MuteMyMind (uuid: 0abff557-ef30-3bf1-8a14-89536c38982d): а тут пвп отключенно
[12:55:38] Scratch1337 (uuid: c9e66f5a-b9fc-373d-a892-6365f5fa4181): да
[12:55:47] MuteMyMind (uuid: 0abff557-ef30-3bf1-8a14-89536c38982d): наверное как то через консоль омжно все никак не допру как
[12:56:06] Scratch1337 (uuid: c9e66f5a-b9fc-373d-a892-6365f5fa4181): что ты хочешь? Пвп включить?
[12:56:11] MuteMyMind (uuid: 0abff557-ef30-3bf1-8a14-89536c38982d): ну включи сначало
[12:56:14] Scratch1337 (uuid: c9e66f5a-b9fc-373d-a892-6365f5fa4181): ща
[12:56:16] MuteMyMind (uuid: 0abff557-ef30-3bf1-8a14-89536c38982d): попробую так
[12:56:35] Scratch1337 (uuid: c9e66f5a-b9fc-373d-a892-6365f5fa4181): все
[12:56:39] Scratch1337 (uuid: c9e66f5a-b9fc-373d-a892-6365f5fa4181): стой
[12:56:40] Scratch1337 (uuid: c9e66f5a-b9fc-373d-a892-6365f5fa4181): выруби гм
[12:57:06] MuteMyMind (uuid: 0abff557-ef30-3bf1-8a14-89536c38982d): не, не помогает
[12:57:15] MuteMyMind (uuid: 0abff557-ef30-3bf1-8a14-89536c38982d): ух щас разберусь как через консоль
[12:57:29] Scratch1337 (uuid: c9e66f5a-b9fc-373d-a892-6365f5fa4181): оке
[12:57:36] Scratch1337 (uuid: c9e66f5a-b9fc-373d-a892-6365f5fa4181): Только им надо скины поставить
[12:57:39] Scratch1337 (uuid: c9e66f5a-b9fc-373d-a892-6365f5fa4181): пиздюкам этим
[12:57:43] MuteMyMind (uuid: 0abff557-ef30-3bf1-8a14-89536c38982d): оке
[12:57:49] Scratch1337 (uuid: c9e66f5a-b9fc-373d-a892-6365f5fa4181): Кстати, ты же понимаешь, есть плагин, который в сундуке магазин делает
[12:57:52] Scratch1337 (uuid: c9e66f5a-b9fc-373d-a892-6365f5fa4181): может лучше его?
[12:58:18] MuteMyMind (uuid: 0abff557-ef30-3bf1-8a14-89536c38982d): да знаю, с непесями покруче, атм изи я туплю просто
[12:58:27] MuteMyMind (uuid: 0abff557-ef30-3bf1-8a14-89536c38982d): соли наебенился
[12:58:30] MuteMyMind (uuid: 0abff557-ef30-3bf1-8a14-89536c38982d): а не завтракал
[12:58:30] Scratch1337 (uuid: c9e66f5a-b9fc-373d-a892-6365f5fa4181): только скины надо неписям поставить
[12:58:34] Scratch1337 (uuid: c9e66f5a-b9fc-373d-a892-6365f5fa4181): я тоже еще не завтракал
[12:58:35] MuteMyMind (uuid: 0abff557-ef30-3bf1-8a14-89536c38982d): ага, сделаем
[12:58:50] Scratch1337 (uuid: c9e66f5a-b9fc-373d-a892-6365f5fa4181): надо еще сделать им префикс §7[§eМагазин§7]§fБлоки
[12:58:58] MuteMyMind (uuid: 0abff557-ef30-3bf1-8a14-89536c38982d): агась
[12:58:59] Scratch1337 (uuid: c9e66f5a-b9fc-373d-a892-6365f5fa4181): надо еще сделать им префикс такой - §7[§eМагазин§7] §fБлоки
[12:59:00] Scratch1337 (uuid: c9e66f5a-b9fc-373d-a892-6365f5fa4181): вот
[12:59:03] Scratch1337 (uuid: c9e66f5a-b9fc-373d-a892-6365f5fa4181): так лучше видно
[12:59:21] MuteMyMind (uuid: 0abff557-ef30-3bf1-8a14-89536c38982d): это чисто эксперементальные непеси что ыб я разобрался
[12:59:28] Scratch1337 (uuid: c9e66f5a-b9fc-373d-a892-6365f5fa4181): понял
[12:59:32] Scratch1337 (uuid: c9e66f5a-b9fc-373d-a892-6365f5fa4181): слушай
[12:59:36] Scratch1337 (uuid: c9e66f5a-b9fc-373d-a892-6365f5fa4181): у тебя в табе мой ник серый?
[12:59:49] MuteMyMind (uuid: 0abff557-ef30-3bf1-8a14-89536c38982d): ну такого же цвета как и уменя но нету тега
[12:59:55] Scratch1337 (uuid: c9e66f5a-b9fc-373d-a892-6365f5fa4181): в смыысле
[13:01:04] MuteMyMind (uuid: 0abff557-ef30-3bf1-8a14-89536c38982d): еба
[13:01:09] MuteMyMind (uuid: 0abff557-ef30-3bf1-8a14-89536c38982d): смотри в блоки магаз
[13:01:15] Scratch1337 (uuid: c9e66f5a-b9fc-373d-a892-6365f5fa4181): нормас
[13:01:21] MuteMyMind (uuid: 0abff557-ef30-3bf1-8a14-89536c38982d): понял как, просто гайдов дохуя, но все на разные версии, сижу на вики
[13:01:29] MuteMyMind (uuid: 0abff557-ef30-3bf1-8a14-89536c38982d): на вики тоже немного странно
[13:01:33] MuteMyMind (uuid: 0abff557-ef30-3bf1-8a14-89536c38982d): пишут одно на деле другое
[13:01:45] Scratch1337 (uuid: c9e66f5a-b9fc-373d-a892-6365f5fa4181): )0))
[13:07:38] Scratch1337 (uuid: c9e66f5a-b9fc-373d-a892-6365f5fa4181): §bff
[13:07:49] Scratch1337 (uuid: c9e66f5a-b9fc-373d-a892-6365f5fa4181): §egg
[13:07:58] Scratch1337 (uuid: c9e66f5a-b9fc-373d-a892-6365f5fa4181): §2gg
[13:08:10] Scratch1337 (uuid: c9e66f5a-b9fc-373d-a892-6365f5fa4181): §5dd
[13:08:22] Scratch1337 (uuid: c9e66f5a-b9fc-373d-a892-6365f5fa4181): §3ff
[13:08:44] Scratch1337 (uuid: c9e66f5a-b9fc-373d-a892-6365f5fa4181): §1ff
[13:09:02] Scratch1337 (uuid: c9e66f5a-b9fc-373d-a892-6365f5fa4181): §dgdfg
[13:12:50] Scratch1337 (uuid: c9e66f5a-b9fc-373d-a892-6365f5fa4181): Андрей
[13:12:56] MuteMyMind (uuid: 0abff557-ef30-3bf1-8a14-89536c38982d): а
[13:13:28] Scratch1337 (uuid: c9e66f5a-b9fc-373d-a892-6365f5fa4181): ща надо серв будет релоднуть
[13:13:31] MuteMyMind (uuid: 0abff557-ef30-3bf1-8a14-89536c38982d): давай
[13:13:34] Scratch1337 (uuid: c9e66f5a-b9fc-373d-a892-6365f5fa4181): через 2 мин
[13:13:36] MuteMyMind (uuid: 0abff557-ef30-3bf1-8a14-89536c38982d): я поем пока
[13:13:41] MuteMyMind (uuid: 0abff557-ef30-3bf1-8a14-89536c38982d): чет ваще мозг не варит
[13:14:15] Scratch1337 (uuid: c9e66f5a-b9fc-373d-a892-6365f5fa4181): g
[13:19:33] Scratch1337 (uuid: c9e66f5a-b9fc-373d-a892-6365f5fa4181): g
[14:07:44] Scratch1337 (uuid: c9e66f5a-b9fc-373d-a892-6365f5fa4181): ща
[14:07:49] Scratch1337 (uuid: c9e66f5a-b9fc-373d-a892-6365f5fa4181): прав нет у тебя никаких щас?
[14:07:51] Scratch1337 (uuid: c9e66f5a-b9fc-373d-a892-6365f5fa4181): привилгений
[14:08:00] AlexOlolo_01 (uuid: 433d6f8c-e62c-3d87-b509-bdf4082171e7): нету)
[14:08:46] Scratch1337 (uuid: c9e66f5a-b9fc-373d-a892-6365f5fa4181): готов?
[14:08:51] AlexOlolo_01 (uuid: 433d6f8c-e62c-3d87-b509-bdf4082171e7): +
[14:09:04] Scratch1337 (uuid: c9e66f5a-b9fc-373d-a892-6365f5fa4181): бле
[14:09:04] Scratch1337 (uuid: c9e66f5a-b9fc-373d-a892-6365f5fa4181): ща
[14:11:00] Scratch1337 (uuid: c9e66f5a-b9fc-373d-a892-6365f5fa4181): ща серв релоднк
[14:15:02] Scratch1337 (uuid: c9e66f5a-b9fc-373d-a892-6365f5fa4181): а ну каа
[14:15:11] Scratch1337 (uuid: c9e66f5a-b9fc-373d-a892-6365f5fa4181): в чат
[14:15:11] AlexOlolo_01 (uuid: 433d6f8c-e62c-3d87-b509-bdf4082171e7): 1
[14:15:13] Scratch1337 (uuid: c9e66f5a-b9fc-373d-a892-6365f5fa4181): о
[14:15:14] Scratch1337 (uuid: c9e66f5a-b9fc-373d-a892-6365f5fa4181): супеп
[14:15:38] Scratch1337 (uuid: c9e66f5a-b9fc-373d-a892-6365f5fa4181): ща
[14:16:50] Scratch1337 (uuid: c9e66f5a-b9fc-373d-a892-6365f5fa4181): Так покрасивше
[14:16:51] Scratch1337 (uuid: c9e66f5a-b9fc-373d-a892-6365f5fa4181): да?
[14:16:52] AlexOlolo_01 (uuid: 433d6f8c-e62c-3d87-b509-bdf4082171e7): 1
[14:16:56] AlexOlolo_01 (uuid: 433d6f8c-e62c-3d87-b509-bdf4082171e7): да)
[14:17:11] Scratch1337 (uuid: c9e66f5a-b9fc-373d-a892-6365f5fa4181): супер
[14:53:10] Alex_ololo (uuid: 7ccba458-b090-309c-a53e-46b779f81301): Плагин BanManager пока не робит что ли?)
[21:42:59] Scratch1337 (uuid: c9e66f5a-b9fc-373d-a892-6365f5fa4181): салам
[21:55:46] Scratch1337 (uuid: c9e66f5a-b9fc-373d-a892-6365f5fa4181): че это?
[21:55:51] MuteMyMind (uuid: 0abff557-ef30-3bf1-8a14-89536c38982d): вот так получается
[21:55:54] Scratch1337 (uuid: c9e66f5a-b9fc-373d-a892-6365f5fa4181): ээ
[21:55:58] Scratch1337 (uuid: c9e66f5a-b9fc-373d-a892-6365f5fa4181): аа
[21:55:59] Scratch1337 (uuid: c9e66f5a-b9fc-373d-a892-6365f5fa4181): щаа
[21:56:21] Scratch1337 (uuid: c9e66f5a-b9fc-373d-a892-6365f5fa4181): вк
[21:56:25] MuteMyMind (uuid: 0abff557-ef30-3bf1-8a14-89536c38982d): о у тебя раньше не отображался тег
[21:59:22] Scratch1337 (uuid: c9e66f5a-b9fc-373d-a892-6365f5fa4181): ╧
[21:59:36] Scratch1337 (uuid: c9e66f5a-b9fc-373d-a892-6365f5fa4181): а
[21:59:41] Scratch1337 (uuid: c9e66f5a-b9fc-373d-a892-6365f5fa4181): 2а
[21:59:50] Scratch1337 (uuid: c9e66f5a-b9fc-373d-a892-6365f5fa4181): ¶
[22:00:44] MuteMyMind (uuid: 0abff557-ef30-3bf1-8a14-89536c38982d): вк чек
