[00:12:08] CallumN2006 (uuid: 7c66c219-0c37-3747-9c39-946e8b772df2): вамав
[00:12:11] CallumN2006 (uuid: 7c66c219-0c37-3747-9c39-946e8b772df2): я гкее
[00:12:12] CallumN2006 (uuid: 7c66c219-0c37-3747-9c39-946e8b772df2): й
[00:12:24] CallumN2006 (uuid: 7c66c219-0c37-3747-9c39-946e8b772df2): ывами
[00:12:44] CallumN2006 (uuid: 7c66c219-0c37-3747-9c39-946e8b772df2): ваи
[00:12:53] CallumN2006 (uuid: 7c66c219-0c37-3747-9c39-946e8b772df2): ап
[00:13:03] CallumN2006 (uuid: 7c66c219-0c37-3747-9c39-946e8b772df2): ап
[00:25:54] Scratch1337 (uuid: c9e66f5a-b9fc-373d-a892-6365f5fa4181): ./rtp
[00:44:24] CallumN2006 (uuid: 7c66c219-0c37-3747-9c39-946e8b772df2): уу
[00:44:28] CallumN2006 (uuid: 7c66c219-0c37-3747-9c39-946e8b772df2): скретч геей
[00:44:29] CallumN2006 (uuid: 7c66c219-0c37-3747-9c39-946e8b772df2): ууу
[00:44:32] CallumN2006 (uuid: 7c66c219-0c37-3747-9c39-946e8b772df2): писейц
[00:44:36] CallumN2006 (uuid: 7c66c219-0c37-3747-9c39-946e8b772df2): все слышали
[00:44:38] CallumN2006 (uuid: 7c66c219-0c37-3747-9c39-946e8b772df2): он гееей
[09:30:26] Scratch1337 (uuid: c9e66f5a-b9fc-373d-a892-6365f5fa4181): тп ко мне
[09:30:31] Scratch1337 (uuid: c9e66f5a-b9fc-373d-a892-6365f5fa4181): a/gm 0
[09:30:32] Scratch1337 (uuid: c9e66f5a-b9fc-373d-a892-6365f5fa4181): ой
[09:31:30] Scratch1337 (uuid: c9e66f5a-b9fc-373d-a892-6365f5fa4181): короче
[09:31:39] Scratch1337 (uuid: c9e66f5a-b9fc-373d-a892-6365f5fa4181): здесь раньше руды были
[09:31:41] Scratch1337 (uuid: c9e66f5a-b9fc-373d-a892-6365f5fa4181): ща здесь пвп
[09:31:41] MuteMyMind (uuid: 0abff557-ef30-3bf1-8a14-89536c38982d): fuf
[09:31:42] Scratch1337 (uuid: c9e66f5a-b9fc-373d-a892-6365f5fa4181): выруби гм
[09:31:44] MuteMyMind (uuid: 0abff557-ef30-3bf1-8a14-89536c38982d): ага
[09:31:50] MuteMyMind (uuid: 0abff557-ef30-3bf1-8a14-89536c38982d): .пь 0
[09:31:52] Scratch1337 (uuid: c9e66f5a-b9fc-373d-a892-6365f5fa4181): вазщпващзпэ
[09:31:58] Scratch1337 (uuid: c9e66f5a-b9fc-373d-a892-6365f5fa4181): забеги за клетку
[09:32:02] MuteMyMind (uuid: 0abff557-ef30-3bf1-8a14-89536c38982d): gdg pjyf nbgj
[09:32:06] MuteMyMind (uuid: 0abff557-ef30-3bf1-8a14-89536c38982d): пвп зона типо
[09:32:09] Scratch1337 (uuid: c9e66f5a-b9fc-373d-a892-6365f5fa4181): да
[09:32:13] Scratch1337 (uuid: c9e66f5a-b9fc-373d-a892-6365f5fa4181): надо написать PVP
[09:32:15] Scratch1337 (uuid: c9e66f5a-b9fc-373d-a892-6365f5fa4181): также как там
[09:33:47] MuteMyMind (uuid: 0abff557-ef30-3bf1-8a14-89536c38982d): а как заборы починить?
[09:33:50] MuteMyMind (uuid: 0abff557-ef30-3bf1-8a14-89536c38982d): заного поставить?
[09:33:54] Scratch1337 (uuid: c9e66f5a-b9fc-373d-a892-6365f5fa4181): никак
[09:33:59] Scratch1337 (uuid: c9e66f5a-b9fc-373d-a892-6365f5fa4181): из-за отличия версий
[09:36:32] Scratch1337 (uuid: c9e66f5a-b9fc-373d-a892-6365f5fa4181): заебок вроде
[09:36:38] MuteMyMind (uuid: 0abff557-ef30-3bf1-8a14-89536c38982d): ага
[09:37:18] MuteMyMind (uuid: 0abff557-ef30-3bf1-8a14-89536c38982d): а че у меня вторая точка топором не ставится
[09:37:24] MuteMyMind (uuid: 0abff557-ef30-3bf1-8a14-89536c38982d): на пкм жму и нихуя
[09:37:44] MuteMyMind (uuid: 0abff557-ef30-3bf1-8a14-89536c38982d): а че у меня не ставитсяяяя
[09:38:52] Scratch1337 (uuid: c9e66f5a-b9fc-373d-a892-6365f5fa4181): Сделай также
[09:38:55] Scratch1337 (uuid: c9e66f5a-b9fc-373d-a892-6365f5fa4181): сдругой стороны
[09:38:58] MuteMyMind (uuid: 0abff557-ef30-3bf1-8a14-89536c38982d): кк
[09:39:05] MuteMyMind (uuid: 0abff557-ef30-3bf1-8a14-89536c38982d): а че у меня точна не ставится читай выше
[09:39:12] Scratch1337 (uuid: c9e66f5a-b9fc-373d-a892-6365f5fa4181): даже со всех можешь
[09:39:19] Scratch1337 (uuid: c9e66f5a-b9fc-373d-a892-6365f5fa4181): У нас пустынный замок
[09:39:22] Scratch1337 (uuid: c9e66f5a-b9fc-373d-a892-6365f5fa4181): я предлагаю редизигн
[09:39:41] Scratch1337 (uuid: c9e66f5a-b9fc-373d-a892-6365f5fa4181): смари на здание
[09:39:42] Scratch1337 (uuid: c9e66f5a-b9fc-373d-a892-6365f5fa4181): снаружи
[09:40:08] MuteMyMind (uuid: 0abff557-ef30-3bf1-8a14-89536c38982d): смотрю
[09:40:11] Scratch1337 (uuid: c9e66f5a-b9fc-373d-a892-6365f5fa4181): ща
[09:40:19] Scratch1337 (uuid: c9e66f5a-b9fc-373d-a892-6365f5fa4181): чпок
[09:40:47] Scratch1337 (uuid: c9e66f5a-b9fc-373d-a892-6365f5fa4181): во
[09:40:48] MuteMyMind (uuid: 0abff557-ef30-3bf1-8a14-89536c38982d): во
[09:40:49] Scratch1337 (uuid: c9e66f5a-b9fc-373d-a892-6365f5fa4181): нормес вроде
[09:40:56] Scratch1337 (uuid: c9e66f5a-b9fc-373d-a892-6365f5fa4181): и ща еще
[09:41:03] MuteMyMind (uuid: 0abff557-ef30-3bf1-8a14-89536c38982d): а мож колонны не нужны эти
[09:41:08] Scratch1337 (uuid: c9e66f5a-b9fc-373d-a892-6365f5fa4181): мб
[09:41:08] MuteMyMind (uuid: 0abff557-ef30-3bf1-8a14-89536c38982d): с одной аркой норм
[09:41:10] Scratch1337 (uuid: c9e66f5a-b9fc-373d-a892-6365f5fa4181): оке
[09:41:14] Scratch1337 (uuid: c9e66f5a-b9fc-373d-a892-6365f5fa4181): смари
[09:41:42] Scratch1337 (uuid: c9e66f5a-b9fc-373d-a892-6365f5fa4181): во
[09:41:42] Scratch1337 (uuid: c9e66f5a-b9fc-373d-a892-6365f5fa4181): чекай
[09:41:49] MuteMyMind (uuid: 0abff557-ef30-3bf1-8a14-89536c38982d): ну хз
[09:41:51] Scratch1337 (uuid: c9e66f5a-b9fc-373d-a892-6365f5fa4181): ща
[09:41:54] MuteMyMind (uuid: 0abff557-ef30-3bf1-8a14-89536c38982d): вроде лучше было
[09:42:00] Scratch1337 (uuid: c9e66f5a-b9fc-373d-a892-6365f5fa4181): быо так
[09:42:03] MuteMyMind (uuid: 0abff557-ef30-3bf1-8a14-89536c38982d): ага
[09:42:06] Scratch1337 (uuid: c9e66f5a-b9fc-373d-a892-6365f5fa4181): ну хз
[09:42:42] Scratch1337 (uuid: c9e66f5a-b9fc-373d-a892-6365f5fa4181): у меня в голове так выглядило
[09:43:05] MuteMyMind (uuid: 0abff557-ef30-3bf1-8a14-89536c38982d): мне кажется как было было збс с шерстю и песчанником
[09:43:22] Scratch1337 (uuid: c9e66f5a-b9fc-373d-a892-6365f5fa4181): хер с тобой
[09:44:25] Scratch1337 (uuid: c9e66f5a-b9fc-373d-a892-6365f5fa4181): бляяя
[09:44:25] Scratch1337 (uuid: c9e66f5a-b9fc-373d-a892-6365f5fa4181): все
[09:44:27] Scratch1337 (uuid: c9e66f5a-b9fc-373d-a892-6365f5fa4181): я монтировать
[09:44:29] Scratch1337 (uuid: c9e66f5a-b9fc-373d-a892-6365f5fa4181): а то не успею
[09:44:32] MuteMyMind (uuid: 0abff557-ef30-3bf1-8a14-89536c38982d): оке
[09:44:37] Scratch1337 (uuid: c9e66f5a-b9fc-373d-a892-6365f5fa4181): я ес че на серваке
[10:14:09] MuteMyMind (uuid: 0abff557-ef30-3bf1-8a14-89536c38982d): норм арка?
[10:14:12] Scratch1337 (uuid: c9e66f5a-b9fc-373d-a892-6365f5fa4181): +
[10:14:24] MuteMyMind (uuid: 0abff557-ef30-3bf1-8a14-89536c38982d): я версии 4 сдела эта самая норм
[10:14:29] Scratch1337 (uuid: c9e66f5a-b9fc-373d-a892-6365f5fa4181): ))
[10:20:42] MuteMyMind (uuid: 0abff557-ef30-3bf1-8a14-89536c38982d): вот такая арка попизже как мне кажется
[10:40:32] MuteMyMind (uuid: 0abff557-ef30-3bf1-8a14-89536c38982d): усе
[10:41:24] MuteMyMind (uuid: 0abff557-ef30-3bf1-8a14-89536c38982d): усе
[10:41:30] MuteMyMind (uuid: 0abff557-ef30-3bf1-8a14-89536c38982d): усе
[12:46:24] Scratch1337 (uuid: c9e66f5a-b9fc-373d-a892-6365f5fa4181): g
[13:02:14] Scratch1337 (uuid: c9e66f5a-b9fc-373d-a892-6365f5fa4181): g
[13:02:46] Scratch1337 (uuid: c9e66f5a-b9fc-373d-a892-6365f5fa4181): g
[13:14:32] MuteMyMind (uuid: 0abff557-ef30-3bf1-8a14-89536c38982d): gfgf
[13:23:24] Scratch1337 (uuid: c9e66f5a-b9fc-373d-a892-6365f5fa4181): g
[13:23:52] Scratch1337 (uuid: c9e66f5a-b9fc-373d-a892-6365f5fa4181): ggdf
[13:25:07] Scratch1337 (uuid: c9e66f5a-b9fc-373d-a892-6365f5fa4181): g
[13:25:57] Scratch1337 (uuid: c9e66f5a-b9fc-373d-a892-6365f5fa4181): g
[13:39:09] Scratch1337 (uuid: c9e66f5a-b9fc-373d-a892-6365f5fa4181): ./asw save
[13:47:37] Alex_ololo (uuid: 7ccba458-b090-309c-a53e-46b779f81301): плагина на автоматические сообщения тоже нет пока что?)
[13:48:05] Scratch1337 (uuid: c9e66f5a-b9fc-373d-a892-6365f5fa4181): Нет пока что
[13:52:33] Scratch1337 (uuid: c9e66f5a-b9fc-373d-a892-6365f5fa4181): g
[19:57:05] cgcmayflower (uuid: 3175fb9b-67f1-397b-bbfd-226d2925a870): я почти закончил настраивать сплиф
[19:57:16] cgcmayflower (uuid: 3175fb9b-67f1-397b-bbfd-226d2925a870): четкий плагин который ты скинул,я сначало другой попробовал, но он был не оч
[19:57:26] Alex_ololo (uuid: 7ccba458-b090-309c-a53e-46b779f81301): Хех)
[19:57:31] MuteMyMind (uuid: 0abff557-ef30-3bf1-8a14-89536c38982d): сижу с двух акков тестирую
[19:57:35] Alex_ololo (uuid: 7ccba458-b090-309c-a53e-46b779f81301): ыы..
[19:57:54] Alex_ololo (uuid: 7ccba458-b090-309c-a53e-46b779f81301): А плагин с командами када ставить будете?)
[19:58:12] MuteMyMind (uuid: 0abff557-ef30-3bf1-8a14-89536c38982d): че за команды?
[19:58:39] Alex_ololo (uuid: 7ccba458-b090-309c-a53e-46b779f81301): Там тип команды для троллинга
[19:58:45] Alex_ololo (uuid: 7ccba458-b090-309c-a53e-46b779f81301): взорвать и т.д
[19:58:52] MuteMyMind (uuid: 0abff557-ef30-3bf1-8a14-89536c38982d): ааа думаю завтра займемся
[19:59:11] Alex_ololo (uuid: 7ccba458-b090-309c-a53e-46b779f81301): прост потом сяду тогда, буду права в группы вписывать)
[19:59:22] Alex_ololo (uuid: 7ccba458-b090-309c-a53e-46b779f81301): если над будет)
[19:59:27] MuteMyMind (uuid: 0abff557-ef30-3bf1-8a14-89536c38982d): хорошо
[20:00:43] MuteMyMind (uuid: 0abff557-ef30-3bf1-8a14-89536c38982d): ./say это команда что б сообщение все видели?
[20:01:03] Alex_ololo (uuid: 7ccba458-b090-309c-a53e-46b779f81301): ээ.. ну для всех вроде видно, да
[20:02:47] Alex_ololo (uuid: 7ccba458-b090-309c-a53e-46b779f81301): ыы префикса в табе не видно чёт .-.
[20:03:56] MuteMyMind (uuid: 0abff557-ef30-3bf1-8a14-89536c38982d): да я тож заметил
[20:04:01] MuteMyMind (uuid: 0abff557-ef30-3bf1-8a14-89536c38982d): у меня и табе их не видно
[20:04:04] MuteMyMind (uuid: 0abff557-ef30-3bf1-8a14-89536c38982d): разберемся потом
[20:05:15] Alex_ololo (uuid: 7ccba458-b090-309c-a53e-46b779f81301): кхм.. я тут срукапопил немного
[20:07:26] MuteMyMind (uuid: 0abff557-ef30-3bf1-8a14-89536c38982d): че случилось?
[20:07:59] Alex_ololo (uuid: 7ccba458-b090-309c-a53e-46b779f81301): та табличку случайно сломал)
[20:11:11] Alex_ololo (uuid: 7ccba458-b090-309c-a53e-46b779f81301): если нужно будет зайти и помочь - пиши) Пока что пойду другим заниматься)
[22:48:15] Scratch1337 (uuid: c9e66f5a-b9fc-373d-a892-6365f5fa4181): g
