[11:37:08] Alex_ololo (uuid: 7ccba458-b090-309c-a53e-46b779f81301): qq) Помочь над с чем-то?)
[11:39:59] MuteMyMind (uuid: 0abff557-ef30-3bf1-8a14-89536c38982d): хай, не я так гуглю плагины сижу пока ничего не делаю
[11:40:17] Alex_ololo (uuid: 7ccba458-b090-309c-a53e-46b779f81301): ясн)
[11:40:46] MuteMyMind (uuid: 0abff557-ef30-3bf1-8a14-89536c38982d): макс в 13 зайдет, мож решим че то с троль командами
[11:40:59] Alex_ololo (uuid: 7ccba458-b090-309c-a53e-46b779f81301): Поал)
[11:42:23] Alex_ololo (uuid: 7ccba458-b090-309c-a53e-46b779f81301): Я не помню, кидал ли я в беседу плагин на работы, мб переслать, посмотришь?
[11:42:32] MuteMyMind (uuid: 0abff557-ef30-3bf1-8a14-89536c38982d): да давай
[11:43:20] Alex_ololo (uuid: 7ccba458-b090-309c-a53e-46b779f81301): на автоматические сообщения тоже заодно кину)
[11:43:40] MuteMyMind (uuid: 0abff557-ef30-3bf1-8a14-89536c38982d): давай
[11:43:56] Alex_ololo (uuid: 7ccba458-b090-309c-a53e-46b779f81301): скинул)
[11:44:08] MuteMyMind (uuid: 0abff557-ef30-3bf1-8a14-89536c38982d): чере 5 мин гляну
[11:58:28] MuteMyMind (uuid: 0abff557-ef30-3bf1-8a14-89536c38982d): ну вроде норм
[11:58:40] Alex_ololo (uuid: 7ccba458-b090-309c-a53e-46b779f81301): осталось добавить сообщения :D
[11:58:46] MuteMyMind (uuid: 0abff557-ef30-3bf1-8a14-89536c38982d): ага азахах
[12:03:08] MuteMyMind (uuid: 0abff557-ef30-3bf1-8a14-89536c38982d): только почему то тут другие сообщения не работают, на котоыре кликнуть можно или по ссылке перейти
[12:03:42] MuteMyMind (uuid: 0abff557-ef30-3bf1-8a14-89536c38982d): щас релодну еще раз
[12:04:11] Alex_ololo (uuid: 7ccba458-b090-309c-a53e-46b779f81301): В плане другие сообщения?)
[12:04:20] Alex_ololo (uuid: 7ccba458-b090-309c-a53e-46b779f81301): тип новые которые делаешь?
[12:04:34] MuteMyMind (uuid: 0abff557-ef30-3bf1-8a14-89536c38982d): вк скинул
[12:10:22] MuteMyMind (uuid: 0abff557-ef30-3bf1-8a14-89536c38982d): воо
[12:10:32] MuteMyMind (uuid: 0abff557-ef30-3bf1-8a14-89536c38982d): тот же плагин версия последняя ток
[12:10:41] MuteMyMind (uuid: 0abff557-ef30-3bf1-8a14-89536c38982d): наведи на ховер ми
[12:11:00] Alex_ololo (uuid: 7ccba458-b090-309c-a53e-46b779f81301): ага, появляется строка с текстом)
[12:13:57] MuteMyMind (uuid: 0abff557-ef30-3bf1-8a14-89536c38982d): во збс
[12:16:16] MuteMyMind (uuid: 0abff557-ef30-3bf1-8a14-89536c38982d): во четко
[12:19:21] MuteMyMind (uuid: 0abff557-ef30-3bf1-8a14-89536c38982d): переход по ссылке тож работает
[12:19:40] Alex_ololo (uuid: 7ccba458-b090-309c-a53e-46b779f81301): Отлично)
[12:25:05] Alex_ololo (uuid: 7ccba458-b090-309c-a53e-46b779f81301): ;D
[12:25:17] MuteMyMind (uuid: 0abff557-ef30-3bf1-8a14-89536c38982d): збс, потом че нить нормальное напишем)
[12:25:43] MuteMyMind (uuid: 0abff557-ef30-3bf1-8a14-89536c38982d): пошли в сплиф пошпилим
[12:26:04] MuteMyMind (uuid: 0abff557-ef30-3bf1-8a14-89536c38982d): перевести его тож потом нужно будет мне
[12:26:26] MuteMyMind (uuid: 0abff557-ef30-3bf1-8a14-89536c38982d): of lfdfq dct ht;bvs gjntcnbv
[12:26:31] MuteMyMind (uuid: 0abff557-ef30-3bf1-8a14-89536c38982d): щас давай все режимы потестим
[12:26:32] MuteMyMind (uuid: 0abff557-ef30-3bf1-8a14-89536c38982d): сек
[12:26:39] Alex_ololo (uuid: 7ccba458-b090-309c-a53e-46b779f81301): опять таб гг)
[12:27:10] MuteMyMind (uuid: 0abff557-ef30-3bf1-8a14-89536c38982d): uj
[12:27:13] MuteMyMind (uuid: 0abff557-ef30-3bf1-8a14-89536c38982d): го
[12:27:45] MuteMyMind (uuid: 0abff557-ef30-3bf1-8a14-89536c38982d): чет пролагало ппц ахах
[12:27:50] Alex_ololo (uuid: 7ccba458-b090-309c-a53e-46b779f81301): +
[12:27:59] MuteMyMind (uuid: 0abff557-ef30-3bf1-8a14-89536c38982d): го
[12:28:09] MuteMyMind (uuid: 0abff557-ef30-3bf1-8a14-89536c38982d): блин цеплята
[12:28:33] MuteMyMind (uuid: 0abff557-ef30-3bf1-8a14-89536c38982d): так щас вырублю цеплят в регионе сек ахха
[12:28:36] Alex_ololo (uuid: 7ccba458-b090-309c-a53e-46b779f81301): там в рг надо спавн мобов выключить)
[12:29:47] MuteMyMind (uuid: 0abff557-ef30-3bf1-8a14-89536c38982d): все, щас верну яйца
[12:30:06] MuteMyMind (uuid: 0abff557-ef30-3bf1-8a14-89536c38982d): го
[12:30:45] MuteMyMind (uuid: 0abff557-ef30-3bf1-8a14-89536c38982d): ну все заебок, осталось арену постриоть нормальную и перевести
[12:30:54] Alex_ololo (uuid: 7ccba458-b090-309c-a53e-46b779f81301): +
[12:30:57] MuteMyMind (uuid: 0abff557-ef30-3bf1-8a14-89536c38982d): блин автосообщения щас сделаю пореже
[12:32:22] MuteMyMind (uuid: 0abff557-ef30-3bf1-8a14-89536c38982d): слух а ты знаешь как сделать что бы не по табличке подключатся а по нпс, макс сказал типо сделаем норм
[12:32:38] MuteMyMind (uuid: 0abff557-ef30-3bf1-8a14-89536c38982d): проблема в том, что команда join почему то типо запрещена админом, так бы я ее просто на нпс повесил
[12:33:00] MuteMyMind (uuid: 0abff557-ef30-3bf1-8a14-89536c38982d): а вот как сделать что бы вся инфа и таблички в голограмму выводилось хз, у меня не вышло
[12:33:23] Alex_ololo (uuid: 7ccba458-b090-309c-a53e-46b779f81301): Хз если честно)
[12:33:34] MuteMyMind (uuid: 0abff557-ef30-3bf1-8a14-89536c38982d): ну тогда ждем макса, он сказал сзнает как сделать норм
[12:42:21] Alex_ololo (uuid: 7ccba458-b090-309c-a53e-46b779f81301): ага..
[12:47:50] MuteMyMind (uuid: 0abff557-ef30-3bf1-8a14-89536c38982d): я сервак перезагружу ок?
[12:47:57] Alex_ololo (uuid: 7ccba458-b090-309c-a53e-46b779f81301): ok)
[13:05:42] MuteMyMind (uuid: 0abff557-ef30-3bf1-8a14-89536c38982d): ы.здууа кудщфв
[13:09:05] Alex_ololo (uuid: 7ccba458-b090-309c-a53e-46b779f81301): ыы :D
[13:14:33] MuteMyMind (uuid: 0abff557-ef30-3bf1-8a14-89536c38982d): щас я новую арену быро сделаю
[13:37:20] MuteMyMind (uuid: 0abff557-ef30-3bf1-8a14-89536c38982d): чет я не вижу никого ахаха
[13:37:30] Alex_ololo (uuid: 7ccba458-b090-309c-a53e-46b779f81301): я тебя тока не вижу)
[13:44:22] Alex_ololo (uuid: 7ccba458-b090-309c-a53e-46b779f81301): 0_o лол
[13:48:00] Scratch1337 (uuid: c9e66f5a-b9fc-373d-a892-6365f5fa4181): Alex_ololo кильни себя, тебе менюшка дается?
[13:48:19] Alex_ololo (uuid: 7ccba458-b090-309c-a53e-46b779f81301): -
[13:48:25] Alex_ololo (uuid: 7ccba458-b090-309c-a53e-46b779f81301): а
[13:48:28] Alex_ololo (uuid: 7ccba458-b090-309c-a53e-46b779f81301): есть)
[13:48:34] Scratch1337 (uuid: c9e66f5a-b9fc-373d-a892-6365f5fa4181): отчисти инвентарь
[13:48:35] Scratch1337 (uuid: c9e66f5a-b9fc-373d-a892-6365f5fa4181): и еще раз
[13:48:55] Alex_ololo (uuid: 7ccba458-b090-309c-a53e-46b779f81301): даётся
