[20:25:06] MuteMyMind (uuid: 0abff557-ef30-3bf1-8a14-89536c38982d): gfgf
[21:26:27] Alex_ololo (uuid: 7ccba458-b090-309c-a53e-46b779f81301): qq)
[21:26:34] Scratch1337 (uuid: c9e66f5a-b9fc-373d-a892-6365f5fa4181): q
[21:26:44] Scratch1337 (uuid: c9e66f5a-b9fc-373d-a892-6365f5fa4181): Алекс
[21:26:47] Scratch1337 (uuid: c9e66f5a-b9fc-373d-a892-6365f5fa4181): ты видишь префиксы наши
[21:26:47] Alex_ololo (uuid: 7ccba458-b090-309c-a53e-46b779f81301): ?
[21:26:49] Scratch1337 (uuid: c9e66f5a-b9fc-373d-a892-6365f5fa4181): в табе
[21:26:55] Alex_ololo (uuid: 7ccba458-b090-309c-a53e-46b779f81301): кроме твоего)
[21:26:59] MuteMyMind (uuid: 0abff557-ef30-3bf1-8a14-89536c38982d): вооо
[21:27:02] MuteMyMind (uuid: 0abff557-ef30-3bf1-8a14-89536c38982d): а я думал я один такой
[21:40:48] Alex_ololo (uuid: 7ccba458-b090-309c-a53e-46b779f81301): ыы в табе ты белый, а над персом ник красный .-.
[21:55:07] Alex_ololo (uuid: 7ccba458-b090-309c-a53e-46b779f81301): О, наконец-то с префиксом в табе)
[21:55:18] MuteMyMind (uuid: 0abff557-ef30-3bf1-8a14-89536c38982d): пол часа уже ковыряется ахаха
[21:55:54] Alex_ololo (uuid: 7ccba458-b090-309c-a53e-46b779f81301): Хех)
[21:57:26] Scratch1337 (uuid: c9e66f5a-b9fc-373d-a892-6365f5fa4181): Алекс
[21:57:28] Scratch1337 (uuid: c9e66f5a-b9fc-373d-a892-6365f5fa4181): на ТНТ
[21:57:41] MuteMyMind (uuid: 0abff557-ef30-3bf1-8a14-89536c38982d): щас рипнемся и го в 3
[21:57:50] Scratch1337 (uuid: c9e66f5a-b9fc-373d-a892-6365f5fa4181): Алекс
[21:58:10] MuteMyMind (uuid: 0abff557-ef30-3bf1-8a14-89536c38982d): го на тнт алекс
[21:58:23] Scratch1337 (uuid: c9e66f5a-b9fc-373d-a892-6365f5fa4181): тнт
[21:59:45] Scratch1337 (uuid: c9e66f5a-b9fc-373d-a892-6365f5fa4181): ща в сплиф пойдем
[21:59:51] Scratch1337 (uuid: c9e66f5a-b9fc-373d-a892-6365f5fa4181): ща
[22:00:04] Scratch1337 (uuid: c9e66f5a-b9fc-373d-a892-6365f5fa4181): нажми правой кнопкой
[22:00:10] Alex_ololo (uuid: 7ccba458-b090-309c-a53e-46b779f81301): видел)
[22:00:44] Scratch1337 (uuid: c9e66f5a-b9fc-373d-a892-6365f5fa4181): изи вин
[22:00:51] Scratch1337 (uuid: c9e66f5a-b9fc-373d-a892-6365f5fa4181): тнт
[22:02:08] Scratch1337 (uuid: c9e66f5a-b9fc-373d-a892-6365f5fa4181): это был спидхак?
[22:02:21] Scratch1337 (uuid: c9e66f5a-b9fc-373d-a892-6365f5fa4181): Алекс
[22:02:23] Alex_ololo (uuid: 7ccba458-b090-309c-a53e-46b779f81301): команда /speed)
[22:02:26] Scratch1337 (uuid: c9e66f5a-b9fc-373d-a892-6365f5fa4181): аа
[22:02:38] Scratch1337 (uuid: c9e66f5a-b9fc-373d-a892-6365f5fa4181): го на /speed 10
[22:02:39] Scratch1337 (uuid: c9e66f5a-b9fc-373d-a892-6365f5fa4181): в тнт
[22:04:54] Scratch1337 (uuid: c9e66f5a-b9fc-373d-a892-6365f5fa4181): голограммы норм?
[22:04:59] Scratch1337 (uuid: c9e66f5a-b9fc-373d-a892-6365f5fa4181): не все еще готовы
[22:05:07] MuteMyMind (uuid: 0abff557-ef30-3bf1-8a14-89536c38982d): точнее готовы только парочка)
[22:10:54] Scratch1337 (uuid: c9e66f5a-b9fc-373d-a892-6365f5fa4181): gdfg
[22:11:02] Scratch1337 (uuid: c9e66f5a-b9fc-373d-a892-6365f5fa4181): g
[22:11:05] Scratch1337 (uuid: c9e66f5a-b9fc-373d-a892-6365f5fa4181): g
[22:11:22] Scratch1337 (uuid: c9e66f5a-b9fc-373d-a892-6365f5fa4181): g
[22:11:33] Scratch1337 (uuid: c9e66f5a-b9fc-373d-a892-6365f5fa4181): Всем пока
[22:11:37] Alex_ololo (uuid: 7ccba458-b090-309c-a53e-46b779f81301): bb
